[0.185s] Invoking command in '/home/nikunj/dev_ws/src/my_bot/build/my_bot': CMAKE_PREFIX_PATH=${CMAKE_PREFIX_PATH}:/opt/ros/foxy /usr/bin/cmake /home/nikunj/dev_ws/src/my_bot -DAMENT_CMAKE_SYMLINK_INSTALL=1 -DCMAKE_INSTALL_PREFIX=/home/nikunj/dev_ws/src/my_bot/install/my_bot
[0.242s] -- The C compiler identification is GNU 9.4.0
[0.295s] -- The CXX compiler identification is GNU 9.4.0
[0.299s] -- Check for working C compiler: /usr/bin/cc
[0.364s] -- Check for working C compiler: /usr/bin/cc -- works
[0.364s] -- Detecting C compiler ABI info
[0.439s] -- Detecting C compiler ABI info - done
[0.451s] -- Detecting C compile features
[0.451s] -- Detecting C compile features - done
[0.454s] -- Check for working CXX compiler: /usr/bin/c++
[0.527s] -- Check for working CXX compiler: /usr/bin/c++ -- works
[0.528s] -- Detecting CXX compiler ABI info
[0.609s] -- Detecting CXX compiler ABI info - done
[0.622s] -- Detecting CXX compile features
[0.623s] -- Detecting CXX compile features - done
[0.624s] -- Found ament_cmake: 0.9.12 (/opt/ros/foxy/share/ament_cmake/cmake)
[0.646s] -- Found PythonInterp: /usr/bin/python3 (found suitable version "3.8.10", minimum required is "3") 
[0.646s] -- Using PYTHON_EXECUTABLE: /usr/bin/python3
[0.811s] -- Override CMake install command with custom implementation using symlinks instead of copying resources
[0.829s] -- Found ament_lint_auto: 0.9.8 (/opt/ros/foxy/share/ament_lint_auto/cmake)
[0.900s] -- Added test 'copyright' to check source files copyright and LICENSE
[0.905s] -- Added test 'cppcheck' to perform static code analysis on C / C++ code
[0.906s] -- Configured cppcheck include dirs: 
[0.906s] -- Configured cppcheck exclude dirs and/or files: 
[0.911s] -- Added test 'cpplint' to check C / C++ code against the Google style
[0.911s] -- Configured cpplint exclude dirs and/or files: 
[0.913s] -- Added test 'flake8' to check Python code syntax and style conventions
[0.914s] -- Added test 'lint_cmake' to check CMake code style
[0.916s] -- Added test 'pep257' to check Python code against some of the style conventions in PEP 257
[0.921s] -- Added test 'uncrustify' to check C / C++ code style
[0.921s] -- Configured uncrustify additional arguments: 
[0.922s] -- Added test 'xmllint' to check XML markup files
[0.925s] -- Configuring done
[0.927s] -- Generating done
[0.927s] -- Build files have been written to: /home/nikunj/dev_ws/src/my_bot/build/my_bot
[0.931s] Invoked command in '/home/nikunj/dev_ws/src/my_bot/build/my_bot' returned '0': CMAKE_PREFIX_PATH=${CMAKE_PREFIX_PATH}:/opt/ros/foxy /usr/bin/cmake /home/nikunj/dev_ws/src/my_bot -DAMENT_CMAKE_SYMLINK_INSTALL=1 -DCMAKE_INSTALL_PREFIX=/home/nikunj/dev_ws/src/my_bot/install/my_bot
[0.935s] Invoking command in '/home/nikunj/dev_ws/src/my_bot/build/my_bot': CMAKE_PREFIX_PATH=${CMAKE_PREFIX_PATH}:/opt/ros/foxy /usr/bin/cmake --build /home/nikunj/dev_ws/src/my_bot/build/my_bot -- -j4 -l4
[0.974s] Invoked command in '/home/nikunj/dev_ws/src/my_bot/build/my_bot' returned '0': CMAKE_PREFIX_PATH=${CMAKE_PREFIX_PATH}:/opt/ros/foxy /usr/bin/cmake --build /home/nikunj/dev_ws/src/my_bot/build/my_bot -- -j4 -l4
[1.008s] Invoking command in '/home/nikunj/dev_ws/src/my_bot/build/my_bot': CMAKE_PREFIX_PATH=${CMAKE_PREFIX_PATH}:/opt/ros/foxy /usr/bin/cmake --install /home/nikunj/dev_ws/src/my_bot/build/my_bot
[1.016s] -- Install configuration: ""
[1.017s] -- Execute custom install script
[1.017s] -- Symlinking: /home/nikunj/dev_ws/src/my_bot/install/my_bot/share/my_bot/config/empty.yaml
[1.026s] -- Symlinking: /home/nikunj/dev_ws/src/my_bot/install/my_bot/share/my_bot/config/view_bot.rviz
[1.035s] -- Symlinking: /home/nikunj/dev_ws/src/my_bot/install/my_bot/share/my_bot/description/inertial_macros.xacro
[1.044s] -- Symlinking: /home/nikunj/dev_ws/src/my_bot/install/my_bot/share/my_bot/description/robot.urdf.xacro
[1.052s] -- Symlinking: /home/nikunj/dev_ws/src/my_bot/install/my_bot/share/my_bot/description/robot_core.xacro
[1.066s] -- Symlinking: /home/nikunj/dev_ws/src/my_bot/install/my_bot/share/my_bot/launch/launch_sim.launch.py
[1.074s] -- Symlinking: /home/nikunj/dev_ws/src/my_bot/install/my_bot/share/my_bot/launch/rsp.launch.py
[1.083s] -- Symlinking: /home/nikunj/dev_ws/src/my_bot/install/my_bot/share/my_bot/worlds/empty.world
[1.091s] -- Symlinking: /home/nikunj/dev_ws/src/my_bot/install/my_bot/share/ament_index/resource_index/package_run_dependencies/my_bot
[1.103s] -- Symlinking: /home/nikunj/dev_ws/src/my_bot/install/my_bot/share/ament_index/resource_index/parent_prefix_path/my_bot
[1.111s] -- Symlinking: /home/nikunj/dev_ws/src/my_bot/install/my_bot/share/my_bot/environment/ament_prefix_path.sh
[1.119s] -- Symlinking: /home/nikunj/dev_ws/src/my_bot/install/my_bot/share/my_bot/environment/ament_prefix_path.dsv
[1.127s] -- Symlinking: /home/nikunj/dev_ws/src/my_bot/install/my_bot/share/my_bot/environment/path.sh
[1.136s] -- Symlinking: /home/nikunj/dev_ws/src/my_bot/install/my_bot/share/my_bot/environment/path.dsv
[1.144s] -- Symlinking: /home/nikunj/dev_ws/src/my_bot/install/my_bot/share/my_bot/local_setup.bash
[1.152s] -- Symlinking: /home/nikunj/dev_ws/src/my_bot/install/my_bot/share/my_bot/local_setup.sh
[1.160s] -- Symlinking: /home/nikunj/dev_ws/src/my_bot/install/my_bot/share/my_bot/local_setup.zsh
[1.168s] -- Symlinking: /home/nikunj/dev_ws/src/my_bot/install/my_bot/share/my_bot/local_setup.dsv
[1.177s] -- Symlinking: /home/nikunj/dev_ws/src/my_bot/install/my_bot/share/my_bot/package.dsv
[1.187s] -- Symlinking: /home/nikunj/dev_ws/src/my_bot/install/my_bot/share/ament_index/resource_index/packages/my_bot
[1.195s] -- Symlinking: /home/nikunj/dev_ws/src/my_bot/install/my_bot/share/my_bot/cmake/my_botConfig.cmake
[1.203s] -- Symlinking: /home/nikunj/dev_ws/src/my_bot/install/my_bot/share/my_bot/cmake/my_botConfig-version.cmake
[1.211s] -- Symlinking: /home/nikunj/dev_ws/src/my_bot/install/my_bot/share/my_bot/package.xml
[1.220s] Invoked command in '/home/nikunj/dev_ws/src/my_bot/build/my_bot' returned '0': CMAKE_PREFIX_PATH=${CMAKE_PREFIX_PATH}:/opt/ros/foxy /usr/bin/cmake --install /home/nikunj/dev_ws/src/my_bot/build/my_bot
