[2.032s] DEBUG:colcon:Command line arguments: ['/usr/bin/colcon', 'build', '--symlink-install']
[2.032s] DEBUG:colcon:Parsed command line arguments: Namespace(allow_overriding=[], ament_cmake_args=None, base_paths=['.'], build_base='build', catkin_cmake_args=None, catkin_skip_building_tests=False, cmake_args=None, cmake_clean_cache=False, cmake_clean_first=False, cmake_force_configure=False, cmake_target=None, cmake_target_skip_unavailable=False, continue_on_error=False, event_handlers=None, executor='parallel', ignore_user_meta=False, install_base='install', log_base=None, log_level=None, main=<bound method BuildVerb.main of <colcon_core.verb.build.BuildVerb object at 0x7fb988c0db50>>, merge_install=False, metas=['./colcon.meta'], packages_above=None, packages_above_and_dependencies=None, packages_above_depth=None, packages_end=None, packages_ignore=None, packages_ignore_regex=None, packages_select=None, packages_select_build_failed=False, packages_select_by_dep=None, packages_select_regex=None, packages_select_test_failures=False, packages_skip=None, packages_skip_build_finished=False, packages_skip_by_dep=None, packages_skip_regex=None, packages_skip_test_passed=False, packages_skip_up_to=None, packages_start=None, packages_up_to=None, packages_up_to_regex=None, parallel_workers=4, paths=None, symlink_install=True, test_result_base=None, verb_extension=<colcon_core.verb.build.BuildVerb object at 0x7fb988c0db50>, verb_name='build', verb_parser=<colcon_defaults.argument_parser.defaults.DefaultArgumentsDecorator object at 0x7fb9888c5e80>)
[2.119s] Level 1:colcon.colcon_core.package_discovery:discover_packages(colcon_meta) check parameters
[2.120s] Level 1:colcon.colcon_core.package_discovery:discover_packages(recursive) check parameters
[2.120s] Level 1:colcon.colcon_core.package_discovery:discover_packages(ignore) check parameters
[2.120s] Level 1:colcon.colcon_core.package_discovery:discover_packages(path) check parameters
[2.120s] Level 1:colcon.colcon_core.package_discovery:discover_packages(colcon_meta) discover
[2.120s] Level 1:colcon.colcon_core.package_discovery:discover_packages(recursive) discover
[2.120s] INFO:colcon.colcon_core.package_discovery:Crawling recursively for packages in '/home/nikunj/dev_ws/src/my_bot'
[2.120s] Level 1:colcon.colcon_core.package_identification:_identify(.) by extensions ['ignore', 'ignore_ament_install']
[2.120s] Level 1:colcon.colcon_core.package_identification:_identify(.) by extension 'ignore'
[2.120s] Level 1:colcon.colcon_core.package_identification:_identify(.) by extension 'ignore_ament_install'
[2.120s] Level 1:colcon.colcon_core.package_identification:_identify(.) by extensions ['colcon_pkg']
[2.120s] Level 1:colcon.colcon_core.package_identification:_identify(.) by extension 'colcon_pkg'
[2.120s] Level 1:colcon.colcon_core.package_identification:_identify(.) by extensions ['colcon_meta']
[2.120s] Level 1:colcon.colcon_core.package_identification:_identify(.) by extension 'colcon_meta'
[2.120s] Level 1:colcon.colcon_core.package_identification:_identify(.) by extensions ['ros']
[2.120s] Level 1:colcon.colcon_core.package_identification:_identify(.) by extension 'ros'
[2.132s] DEBUG:colcon.colcon_core.package_identification:Package '.' with type 'ros.ament_cmake' and name 'my_bot'
[2.132s] Level 1:colcon.colcon_core.package_discovery:discover_packages(recursive) using defaults
[2.132s] Level 1:colcon.colcon_core.package_discovery:discover_packages(ignore) discover
[2.132s] Level 1:colcon.colcon_core.package_discovery:discover_packages(ignore) using defaults
[2.132s] Level 1:colcon.colcon_core.package_discovery:discover_packages(path) discover
[2.132s] Level 1:colcon.colcon_core.package_discovery:discover_packages(path) using defaults
[2.325s] Level 1:colcon.colcon_core.package_discovery:discover_packages(prefix_path) check parameters
[2.326s] Level 1:colcon.colcon_core.package_discovery:discover_packages(prefix_path) discover
[2.396s] DEBUG:colcon.colcon_installed_package_information.package_discovery:Found 1 installed packages in /home/nikunj/dev_ws/install
[2.431s] DEBUG:colcon.colcon_installed_package_information.package_discovery:Found 266 installed packages in /opt/ros/foxy
[2.433s] Level 1:colcon.colcon_core.package_discovery:discover_packages(prefix_path) using defaults
[2.566s] Level 5:colcon.colcon_core.verb:set package 'my_bot' build argument 'cmake_args' from command line to 'None'
[2.566s] Level 5:colcon.colcon_core.verb:set package 'my_bot' build argument 'cmake_target' from command line to 'None'
[2.566s] Level 5:colcon.colcon_core.verb:set package 'my_bot' build argument 'cmake_target_skip_unavailable' from command line to 'False'
[2.566s] Level 5:colcon.colcon_core.verb:set package 'my_bot' build argument 'cmake_clean_cache' from command line to 'False'
[2.566s] Level 5:colcon.colcon_core.verb:set package 'my_bot' build argument 'cmake_clean_first' from command line to 'False'
[2.566s] Level 5:colcon.colcon_core.verb:set package 'my_bot' build argument 'cmake_force_configure' from command line to 'False'
[2.566s] Level 5:colcon.colcon_core.verb:set package 'my_bot' build argument 'ament_cmake_args' from command line to 'None'
[2.566s] Level 5:colcon.colcon_core.verb:set package 'my_bot' build argument 'catkin_cmake_args' from command line to 'None'
[2.566s] Level 5:colcon.colcon_core.verb:set package 'my_bot' build argument 'catkin_skip_building_tests' from command line to 'False'
[2.566s] DEBUG:colcon.colcon_core.verb:Building package 'my_bot' with the following arguments: {'ament_cmake_args': None, 'build_base': '/home/nikunj/dev_ws/src/my_bot/build/my_bot', 'catkin_cmake_args': None, 'catkin_skip_building_tests': False, 'cmake_args': None, 'cmake_clean_cache': False, 'cmake_clean_first': False, 'cmake_force_configure': False, 'cmake_target': None, 'cmake_target_skip_unavailable': False, 'install_base': '/home/nikunj/dev_ws/src/my_bot/install/my_bot', 'merge_install': False, 'path': '/home/nikunj/dev_ws/src/my_bot', 'symlink_install': True, 'test_result_base': None}
[2.600s] INFO:colcon.colcon_core.executor:Executing jobs using 'parallel' executor
[2.637s] DEBUG:colcon.colcon_parallel_executor.executor.parallel:run_until_complete
[2.637s] INFO:colcon.colcon_ros.task.ament_cmake.build:Building ROS package in '/home/nikunj/dev_ws/src/my_bot' with build type 'ament_cmake'
[2.638s] INFO:colcon.colcon_cmake.task.cmake.build:Building CMake package in '/home/nikunj/dev_ws/src/my_bot'
[2.680s] INFO:colcon.colcon_core.plugin_system:Skipping extension 'colcon_core.shell.bat': Not used on non-Windows systems
[2.680s] INFO:colcon.colcon_core.shell:Skip shell extension 'powershell' for command environment: Not usable outside of PowerShell
[2.680s] DEBUG:colcon.colcon_core.shell:Skip shell extension 'dsv' for command environment
[2.823s] DEBUG:colcon.colcon_core.event_handler.log_command:Invoking command in '/home/nikunj/dev_ws/src/my_bot/build/my_bot': CMAKE_PREFIX_PATH=${CMAKE_PREFIX_PATH}:/opt/ros/foxy /usr/bin/cmake /home/nikunj/dev_ws/src/my_bot -DAMENT_CMAKE_SYMLINK_INSTALL=1 -DCMAKE_INSTALL_PREFIX=/home/nikunj/dev_ws/src/my_bot/install/my_bot
[3.569s] DEBUG:colcon.colcon_core.event_handler.log_command:Invoked command in '/home/nikunj/dev_ws/src/my_bot/build/my_bot' returned '0': CMAKE_PREFIX_PATH=${CMAKE_PREFIX_PATH}:/opt/ros/foxy /usr/bin/cmake /home/nikunj/dev_ws/src/my_bot -DAMENT_CMAKE_SYMLINK_INSTALL=1 -DCMAKE_INSTALL_PREFIX=/home/nikunj/dev_ws/src/my_bot/install/my_bot
[3.572s] DEBUG:colcon.colcon_core.event_handler.log_command:Invoking command in '/home/nikunj/dev_ws/src/my_bot/build/my_bot': CMAKE_PREFIX_PATH=${CMAKE_PREFIX_PATH}:/opt/ros/foxy /usr/bin/cmake --build /home/nikunj/dev_ws/src/my_bot/build/my_bot -- -j4 -l4
[3.612s] DEBUG:colcon.colcon_core.event_handler.log_command:Invoked command in '/home/nikunj/dev_ws/src/my_bot/build/my_bot' returned '0': CMAKE_PREFIX_PATH=${CMAKE_PREFIX_PATH}:/opt/ros/foxy /usr/bin/cmake --build /home/nikunj/dev_ws/src/my_bot/build/my_bot -- -j4 -l4
[3.646s] DEBUG:colcon.colcon_core.event_handler.log_command:Invoking command in '/home/nikunj/dev_ws/src/my_bot/build/my_bot': CMAKE_PREFIX_PATH=${CMAKE_PREFIX_PATH}:/opt/ros/foxy /usr/bin/cmake --install /home/nikunj/dev_ws/src/my_bot/build/my_bot
[3.857s] Level 1:colcon.colcon_core.environment:create_environment_scripts_only(my_bot)
[3.858s] DEBUG:colcon.colcon_core.event_handler.log_command:Invoked command in '/home/nikunj/dev_ws/src/my_bot/build/my_bot' returned '0': CMAKE_PREFIX_PATH=${CMAKE_PREFIX_PATH}:/opt/ros/foxy /usr/bin/cmake --install /home/nikunj/dev_ws/src/my_bot/build/my_bot
[3.899s] Level 1:colcon.colcon_core.environment:checking '/home/nikunj/dev_ws/src/my_bot/install/my_bot' for CMake module files
[3.899s] Level 1:colcon.colcon_core.environment:checking '/home/nikunj/dev_ws/src/my_bot/install/my_bot' for CMake config files
[3.900s] Level 1:colcon.colcon_core.shell:create_environment_hook('my_bot', 'cmake_prefix_path')
[3.935s] INFO:colcon.colcon_core.shell:Creating environment hook '/home/nikunj/dev_ws/src/my_bot/install/my_bot/share/my_bot/hook/cmake_prefix_path.ps1'
[3.936s] INFO:colcon.colcon_core.shell:Creating environment descriptor '/home/nikunj/dev_ws/src/my_bot/install/my_bot/share/my_bot/hook/cmake_prefix_path.dsv'
[3.936s] INFO:colcon.colcon_core.shell:Creating environment hook '/home/nikunj/dev_ws/src/my_bot/install/my_bot/share/my_bot/hook/cmake_prefix_path.sh'
[3.937s] Level 1:colcon.colcon_core.environment:checking '/home/nikunj/dev_ws/src/my_bot/install/my_bot/bin'
[3.937s] Level 1:colcon.colcon_core.environment:checking '/home/nikunj/dev_ws/src/my_bot/install/my_bot/lib/pkgconfig/my_bot.pc'
[3.937s] Level 1:colcon.colcon_core.environment:checking '/home/nikunj/dev_ws/src/my_bot/install/my_bot/lib/python3.8/site-packages'
[3.937s] Level 1:colcon.colcon_core.environment:checking '/home/nikunj/dev_ws/src/my_bot/install/my_bot/bin'
[3.973s] INFO:colcon.colcon_core.shell:Creating package script '/home/nikunj/dev_ws/src/my_bot/install/my_bot/share/my_bot/package.ps1'
[3.974s] INFO:colcon.colcon_core.shell:Creating package descriptor '/home/nikunj/dev_ws/src/my_bot/install/my_bot/share/my_bot/package.dsv'
[3.974s] INFO:colcon.colcon_core.shell:Creating package script '/home/nikunj/dev_ws/src/my_bot/install/my_bot/share/my_bot/package.sh'
[3.975s] INFO:colcon.colcon_core.shell:Creating package script '/home/nikunj/dev_ws/src/my_bot/install/my_bot/share/my_bot/package.bash'
[3.975s] INFO:colcon.colcon_core.shell:Creating package script '/home/nikunj/dev_ws/src/my_bot/install/my_bot/share/my_bot/package.zsh'
[3.976s] Level 1:colcon.colcon_core.environment:create_file_with_runtime_dependencies(/home/nikunj/dev_ws/src/my_bot/install/my_bot/share/colcon-core/packages/my_bot)
[4.038s] Level 1:colcon.colcon_core.environment:create_environment_scripts_only(my_bot)
[4.074s] Level 1:colcon.colcon_core.environment:checking '/home/nikunj/dev_ws/src/my_bot/install/my_bot' for CMake module files
[4.074s] Level 1:colcon.colcon_core.environment:checking '/home/nikunj/dev_ws/src/my_bot/install/my_bot' for CMake config files
[4.074s] Level 1:colcon.colcon_core.shell:create_environment_hook('my_bot', 'cmake_prefix_path')
[4.110s] INFO:colcon.colcon_core.shell:Creating environment hook '/home/nikunj/dev_ws/src/my_bot/install/my_bot/share/my_bot/hook/cmake_prefix_path.ps1'
[4.110s] INFO:colcon.colcon_core.shell:Creating environment descriptor '/home/nikunj/dev_ws/src/my_bot/install/my_bot/share/my_bot/hook/cmake_prefix_path.dsv'
[4.111s] INFO:colcon.colcon_core.shell:Creating environment hook '/home/nikunj/dev_ws/src/my_bot/install/my_bot/share/my_bot/hook/cmake_prefix_path.sh'
[4.111s] Level 1:colcon.colcon_core.environment:checking '/home/nikunj/dev_ws/src/my_bot/install/my_bot/bin'
[4.111s] Level 1:colcon.colcon_core.environment:checking '/home/nikunj/dev_ws/src/my_bot/install/my_bot/lib/pkgconfig/my_bot.pc'
[4.111s] Level 1:colcon.colcon_core.environment:checking '/home/nikunj/dev_ws/src/my_bot/install/my_bot/lib/python3.8/site-packages'
[4.112s] Level 1:colcon.colcon_core.environment:checking '/home/nikunj/dev_ws/src/my_bot/install/my_bot/bin'
[4.147s] INFO:colcon.colcon_core.shell:Creating package script '/home/nikunj/dev_ws/src/my_bot/install/my_bot/share/my_bot/package.ps1'
[4.147s] INFO:colcon.colcon_core.shell:Creating package descriptor '/home/nikunj/dev_ws/src/my_bot/install/my_bot/share/my_bot/package.dsv'
[4.148s] INFO:colcon.colcon_core.shell:Creating package script '/home/nikunj/dev_ws/src/my_bot/install/my_bot/share/my_bot/package.sh'
[4.148s] INFO:colcon.colcon_core.shell:Creating package script '/home/nikunj/dev_ws/src/my_bot/install/my_bot/share/my_bot/package.bash'
[4.148s] INFO:colcon.colcon_core.shell:Creating package script '/home/nikunj/dev_ws/src/my_bot/install/my_bot/share/my_bot/package.zsh'
[4.149s] Level 1:colcon.colcon_core.environment:create_file_with_runtime_dependencies(/home/nikunj/dev_ws/src/my_bot/install/my_bot/share/colcon-core/packages/my_bot)
[4.149s] DEBUG:colcon.colcon_parallel_executor.executor.parallel:closing loop
[4.150s] DEBUG:colcon.colcon_parallel_executor.executor.parallel:loop closed
[4.150s] DEBUG:colcon.colcon_parallel_executor.executor.parallel:run_until_complete finished with '0'
[4.150s] DEBUG:colcon.colcon_core.event_reactor:joining thread
[4.192s] INFO:colcon.colcon_core.plugin_system:Skipping extension 'colcon_notification.desktop_notification.terminal_notifier': Not used on non-Darwin systems
[4.192s] INFO:colcon.colcon_core.plugin_system:Skipping extension 'colcon_notification.desktop_notification.win32': Not used on non-Windows systems
[4.192s] INFO:colcon.colcon_notification.desktop_notification:Sending desktop notification using 'notify2'
[4.208s] DEBUG:colcon.colcon_core.event_reactor:joined thread
[4.245s] INFO:colcon.colcon_core.shell:Creating prefix script '/home/nikunj/dev_ws/src/my_bot/install/local_setup.ps1'
[4.246s] INFO:colcon.colcon_core.shell:Creating prefix util module '/home/nikunj/dev_ws/src/my_bot/install/_local_setup_util_ps1.py'
[4.247s] INFO:colcon.colcon_core.shell:Creating prefix chain script '/home/nikunj/dev_ws/src/my_bot/install/setup.ps1'
[4.285s] INFO:colcon.colcon_core.shell:Creating prefix script '/home/nikunj/dev_ws/src/my_bot/install/local_setup.sh'
[4.285s] INFO:colcon.colcon_core.shell:Creating prefix util module '/home/nikunj/dev_ws/src/my_bot/install/_local_setup_util_sh.py'
[4.286s] INFO:colcon.colcon_core.shell:Creating prefix chain script '/home/nikunj/dev_ws/src/my_bot/install/setup.sh'
[4.322s] INFO:colcon.colcon_core.shell:Creating prefix script '/home/nikunj/dev_ws/src/my_bot/install/local_setup.bash'
[4.322s] INFO:colcon.colcon_core.shell:Creating prefix chain script '/home/nikunj/dev_ws/src/my_bot/install/setup.bash'
[4.359s] INFO:colcon.colcon_core.shell:Creating prefix script '/home/nikunj/dev_ws/src/my_bot/install/local_setup.zsh'
[4.360s] INFO:colcon.colcon_core.shell:Creating prefix chain script '/home/nikunj/dev_ws/src/my_bot/install/setup.zsh'
